<?xml version="1.0" encoding="UTF-8" ?>
<testsuite 
errors="0" failures="0" hostname="dynaspark2" name="org.apache.spark.unsafe.types.UTF8StringPropertyCheckSuite" tests="20" time="1.419" timestamp="2022-11-14T15:52:44">
  <properties>
[...]
</properties>
  <testcase 
  name="toString" classname="org.apache.spark.unsafe.types.UTF8StringPropertyCheckSuite" time="0.153">
</testcase>
  <testcase 
  name="numChars" classname="org.apache.spark.unsafe.types.UTF8StringPropertyCheckSuite" time="0.053">
</testcase>
  <testcase 
  name="startsWith" classname="org.apache.spark.unsafe.types.UTF8StringPropertyCheckSuite" time="0.044">
</testcase>
  <testcase 
  name="endsWith" classname="org.apache.spark.unsafe.types.UTF8StringPropertyCheckSuite" time="0.046">
</testcase>
  <testcase 
  name="toUpperCase" classname="org.apache.spark.unsafe.types.UTF8StringPropertyCheckSuite" time="0.029">
</testcase>
  <testcase 
  name="toLowerCase" classname="org.apache.spark.unsafe.types.UTF8StringPropertyCheckSuite" time="0.037">
</testcase>
  <testcase 
  name="compare" classname="org.apache.spark.unsafe.types.UTF8StringPropertyCheckSuite" time="0.024">
</testcase>
  <testcase 
  name="substring" classname="org.apache.spark.unsafe.types.UTF8StringPropertyCheckSuite" time="0.203">
</testcase>
  <testcase 
  name="contains" classname="org.apache.spark.unsafe.types.UTF8StringPropertyCheckSuite" time="0.133">
</testcase>
  <testcase 
  name="trim, trimLeft, trimRight" classname="org.apache.spark.unsafe.types.UTF8StringPropertyCheckSuite" time="0.029">
</testcase>
  <testcase 
  name="reverse" classname="org.apache.spark.unsafe.types.UTF8StringPropertyCheckSuite" time="0.009">
</testcase>
  <testcase 
  name="indexOf" classname="org.apache.spark.unsafe.types.UTF8StringPropertyCheckSuite" time="0.091">
</testcase>
  <testcase 
  name="repeat" classname="org.apache.spark.unsafe.types.UTF8StringPropertyCheckSuite" time="0.015">
</testcase>
  <testcase 
  name="lpad, rpad" classname="org.apache.spark.unsafe.types.UTF8StringPropertyCheckSuite" time="0.013">
</testcase>
  <testcase 
  name="concat" classname="org.apache.spark.unsafe.types.UTF8StringPropertyCheckSuite" time="0.293">
</testcase>
  <testcase 
  name="concatWs" classname="org.apache.spark.unsafe.types.UTF8StringPropertyCheckSuite" time="0.14">
</testcase>
  <testcase 
  name="split" classname="org.apache.spark.unsafe.types.UTF8StringPropertyCheckSuite" time="0.0">
    <skipped/>
</testcase>
  <testcase 
  name="levenshteinDistance" classname="org.apache.spark.unsafe.types.UTF8StringPropertyCheckSuite" time="0.039">
</testcase>
  <testcase 
  name="hashCode" classname="org.apache.spark.unsafe.types.UTF8StringPropertyCheckSuite" time="0.005">
</testcase>
  <testcase 
  name="equals" classname="org.apache.spark.unsafe.types.UTF8StringPropertyCheckSuite" time="0.007">
</testcase>
  <system-out><![CDATA[]]></system-out>
  <system-err><![CDATA[]]></system-err>
</testsuite>
